Using pre-set license
Built from '2020.3/staging' branch; Version is '2020.3.17f1 (a4537701e4ab) revision 10769271'; Using compiler version '192528614'; Build Type 'Release'
OS: 'Windows 10 Home; OS build 19042.1165; Version 2009; 64bit' Language: 'en' Physical Memory: 8005 MB
BatchMode: 1, IsHumanControllingUs: 0, StartBugReporterOnCrash: 0, Is64bit: 1, IsPro: 0

COMMAND LINE ARGUMENTS:
C:\Users\juan_\Desktop\Desktop\Unity\2020.3.17f1\Editor\Unity.exe
-adb2
-batchMode
-noUpm
-name
AssetImportWorker0
-projectPath
C:/Users/juan_/Downloads/0x0B-unity-vr_room-master/A
-logFile
Logs/AssetImportWorker0.log
-srvPort
52599
Successfully changed project path to: C:/Users/juan_/Downloads/0x0B-unity-vr_room-master/A
C:/Users/juan_/Downloads/0x0B-unity-vr_room-master/A
Using Asset Import Pipeline V2.
Refreshing native plugins compatible for Editor in 71.68 ms, found 2 plugins.
Preloading 0 native plugins for Editor in 0.00 ms.
Initialize engine version: 2020.3.17f1 (a4537701e4ab)
[Subsystems] Discovering subsystems at path C:/Users/juan_/Desktop/Desktop/Unity/2020.3.17f1/Editor/Data/Resources/UnitySubsystems
[Subsystems] Discovering subsystems at path C:/Users/juan_/Downloads/0x0B-unity-vr_room-master/A/Assets
GfxDevice: creating device client; threaded=0
Direct3D:
    Version:  Direct3D 11.0 [level 11.1]
    Renderer: Intel(R) UHD Graphics 620 (ID=0x3ea0)
    Vendor:   
    VRAM:     4002 MB
    Driver:   26.20.100.7323
Initialize mono
Mono path[0] = 'C:/Users/juan_/Desktop/Desktop/Unity/2020.3.17f1/Editor/Data/Managed'
Mono path[1] = 'C:/Users/juan_/Desktop/Desktop/Unity/2020.3.17f1/Editor/Data/MonoBleedingEdge/lib/mono/unityjit'
Mono config path = 'C:/Users/juan_/Desktop/Desktop/Unity/2020.3.17f1/Editor/Data/MonoBleedingEdge/etc'
Using monoOptions --debugger-agent=transport=dt_socket,embedding=1,server=y,suspend=n,address=127.0.0.1:56804
Begin MonoManager ReloadAssembly
Registering precompiled unity dll's ...
Register platform support module: C:/Users/juan_/Desktop/Desktop/Unity/2020.3.17f1/Editor/Data/PlaybackEngines/WindowsStandaloneSupport/UnityEditor.WindowsStandalone.Extensions.dll
Registered in 0.006617 seconds.
Native extension for WindowsStandalone target not found
Refreshing native plugins compatible for Editor in 88.81 ms, found 2 plugins.
Preloading 0 native plugins for Editor in 0.00 ms.
Mono: successfully reloaded assembly
- Completed reload, in  4.562 seconds
Domain Reload Profiling:
	ReloadAssembly (4563ms)
		BeginReloadAssembly (190ms)
			ExecutionOrderSort (0ms)
			DisableScriptedObjects (0ms)
			BackupInstance (0ms)
			ReleaseScriptingObjects (0ms)
			CreateAndSetChildDomain (2ms)
		EndReloadAssembly (871ms)
			LoadAssemblies (182ms)
			RebuildTransferFunctionScriptingTraits (0ms)
			SetupTypeCache (296ms)
			ReleaseScriptCaches (0ms)
			RebuildScriptCaches (82ms)
			SetupLoadedEditorAssemblies (329ms)
				LogAssemblyErrors (0ms)
				InitializePlatformSupportModulesInManaged (9ms)
				SetLoadedEditorAssemblies (0ms)
				RefreshPlugins (89ms)
				BeforeProcessingInitializeOnLoad (15ms)
				ProcessInitializeOnLoadAttributes (160ms)
				ProcessInitializeOnLoadMethodAttributes (55ms)
				AfterProcessingInitializeOnLoad (0ms)
				EditorAssembliesLoaded (0ms)
			ExecutionOrderSort2 (0ms)
			AwakeInstancesAfterBackupRestoration (0ms)
Platform modules already initialized, skipping
Registering precompiled user dll's ...
Registered in 0.009198 seconds.
Begin MonoManager ReloadAssembly
Native extension for WindowsStandalone target not found
Refreshing native plugins compatible for Editor in 1.13 ms, found 2 plugins.
Preloading 0 native plugins for Editor in 0.00 ms.
Mono: successfully reloaded assembly
- Completed reload, in  3.167 seconds
Domain Reload Profiling:
	ReloadAssembly (3170ms)
		BeginReloadAssembly (482ms)
			ExecutionOrderSort (0ms)
			DisableScriptedObjects (16ms)
			BackupInstance (0ms)
			ReleaseScriptingObjects (0ms)
			CreateAndSetChildDomain (45ms)
		EndReloadAssembly (2500ms)
			LoadAssemblies (257ms)
			RebuildTransferFunctionScriptingTraits (0ms)
			SetupTypeCache (813ms)
			ReleaseScriptCaches (1ms)
			RebuildScriptCaches (117ms)
			SetupLoadedEditorAssemblies (1042ms)
				LogAssemblyErrors (0ms)
				InitializePlatformSupportModulesInManaged (14ms)
				SetLoadedEditorAssemblies (1ms)
				RefreshPlugins (1ms)
				BeforeProcessingInitializeOnLoad (195ms)
				ProcessInitializeOnLoadAttributes (789ms)
				ProcessInitializeOnLoadMethodAttributes (15ms)
				AfterProcessingInitializeOnLoad (26ms)
				EditorAssembliesLoaded (0ms)
			ExecutionOrderSort2 (0ms)
			AwakeInstancesAfterBackupRestoration (13ms)
Platform modules already initialized, skipping
========================================================================
Worker process is ready to serve import requests
Launched and connected shader compiler UnityShaderCompiler.exe after 0.08 seconds
Refreshing native plugins compatible for Editor in 0.56 ms, found 2 plugins.
Preloading 0 native plugins for Editor in 0.00 ms.
Unloading 1499 Unused Serialized files (Serialized files now loaded: 0)
System memory in use before: 71.1 MB.
System memory in use after: 71.2 MB.

Unloading 19 unused Assets to reduce memory usage. Loaded Objects now: 1942.
Total: 5.379600 ms (FindLiveObjects: 0.300800 ms CreateObjectMapping: 0.087400 ms MarkObjects: 4.891600 ms  DeleteObjects: 0.093000 ms)

AssetImportParameters requested are different than current active one (requested -> active):
  custom:framework-win-MediaFoundation: 216162199b28c13a410421893ffa2e32 -> 
  custom:video-decoder-ogg-theora: a1e56fd34408186e4bbccfd4996cb3dc -> 
  custom:container-muxer-webm: aa71ff27fc2769a1b78a27578f13a17b -> 
  custom:container-demuxer-webm: 4f35f7cbe854078d1ac9338744f61a02 -> 
  custom:container-demuxer-ogg: 62fdf1f143b41e24485cea50d1cbac27 -> 
  custom:video-encoder-webm-vp8: eb34c28f22e8b96e1ab97ce403110664 -> 
  custom:video-codec-MediaFoundation-h265: 746d11721c4dcdbdad8f713fa42b33f4 -> 
  custom:video-decoder-webm-vp8: 9c59270c3fd7afecdb556c50c9e8de78 -> 
  custom:audio-decoder-ogg-vorbis: bf7c407c2cedff20999df2af8eb42d56 -> 
  custom:audio-encoder-webm-vorbis: bf7c407c2cedff20999df2af8eb42d56 -> 
========================================================================
Received Import Request.
  path: Assets/Scenes/VR Room.unity
  artifactKey: Guid(5031b674cf2778d44917a0261dabcb87) Importer(815301076,1909f56bfc062723c751e8b465ee728b)
Start importing Assets/Scenes/VR Room.unity using Guid(5031b674cf2778d44917a0261dabcb87) Importer(815301076,1909f56bfc062723c751e8b465ee728b)  -> (artifact id: 'cce7917084b077b2111a2a5c7df06151') in 0.020733 seconds 
  Import took 0.024996 seconds .

========================================================================
Received Prepare
Registering precompiled user dll's ...
Registered in 0.018772 seconds.
Begin MonoManager ReloadAssembly
Native extension for WindowsStandalone target not found
Refreshing native plugins compatible for Editor in 0.93 ms, found 2 plugins.
Preloading 0 native plugins for Editor in 0.00 ms.
Mono: successfully reloaded assembly
- Completed reload, in  2.272 seconds
Domain Reload Profiling:
	ReloadAssembly (2273ms)
		BeginReloadAssembly (212ms)
			ExecutionOrderSort (0ms)
			DisableScriptedObjects (8ms)
			BackupInstance (0ms)
			ReleaseScriptingObjects (0ms)
			CreateAndSetChildDomain (61ms)
		EndReloadAssembly (1954ms)
			LoadAssemblies (195ms)
			RebuildTransferFunctionScriptingTraits (0ms)
			SetupTypeCache (488ms)
			ReleaseScriptCaches (1ms)
			RebuildScriptCaches (99ms)
			SetupLoadedEditorAssemblies (708ms)
				LogAssemblyErrors (0ms)
				InitializePlatformSupportModulesInManaged (9ms)
				SetLoadedEditorAssemblies (1ms)
				RefreshPlugins (1ms)
				BeforeProcessingInitializeOnLoad (104ms)
				ProcessInitializeOnLoadAttributes (506ms)
				ProcessInitializeOnLoadMethodAttributes (19ms)
				AfterProcessingInitializeOnLoad (67ms)
				EditorAssembliesLoaded (1ms)
			ExecutionOrderSort2 (0ms)
			AwakeInstancesAfterBackupRestoration (203ms)
Platform modules already initialized, skipping
Switching build target platform(19) subTarget(0) extendedPlatform(0) -> platform(13) subTarget(589824) extendedPlatform(0)
Refreshing native plugins compatible for Editor in 0.70 ms, found 2 plugins.
Preloading 0 native plugins for Editor in 0.00 ms.
Unloading 1492 Unused Serialized files (Serialized files now loaded: 0)
System memory in use before: 70.4 MB.
System memory in use after: 70.5 MB.

Unloading 14 unused Assets to reduce memory usage. Loaded Objects now: 1945.
Total: 3.968200 ms (FindLiveObjects: 0.192400 ms CreateObjectMapping: 0.062800 ms MarkObjects: 3.690500 ms  DeleteObjects: 0.021100 ms)

AssetImportParameters requested are different than current active one (requested -> active):
  custom:framework-win-MediaFoundation: 216162199b28c13a410421893ffa2e32 -> 
  custom:video-decoder-ogg-theora: a1e56fd34408186e4bbccfd4996cb3dc -> 
  custom:container-muxer-webm: aa71ff27fc2769a1b78a27578f13a17b -> 
  custom:container-demuxer-webm: 4f35f7cbe854078d1ac9338744f61a02 -> 
  custom:container-demuxer-ogg: 62fdf1f143b41e24485cea50d1cbac27 -> 
  custom:video-encoder-webm-vp8: eb34c28f22e8b96e1ab97ce403110664 -> 
  custom:video-codec-MediaFoundation-h265: 746d11721c4dcdbdad8f713fa42b33f4 -> 
  custom:video-decoder-webm-vp8: 9c59270c3fd7afecdb556c50c9e8de78 -> 
  custom:graphics/normal-map-encoding: 01000000000000000000000000000000 -> 02000000000000000000000000000000
  custom:audio-decoder-ogg-vorbis: bf7c407c2cedff20999df2af8eb42d56 -> 
  custom:audio-encoder-webm-vorbis: bf7c407c2cedff20999df2af8eb42d56 -> 
========================================================================
Received Prepare
Refreshing native plugins compatible for Editor in 9.73 ms, found 2 plugins.
Preloading 0 native plugins for Editor in 0.00 ms.
Unloading 11 Unused Serialized files (Serialized files now loaded: 0)
System memory in use before: 41.3 MB.
System memory in use after: 41.4 MB.

Unloading 11 unused Assets to reduce memory usage. Loaded Objects now: 1945.
Total: 8.331800 ms (FindLiveObjects: 0.271800 ms CreateObjectMapping: 0.114800 ms MarkObjects: 7.904900 ms  DeleteObjects: 0.038200 ms)

AssetImportParameters requested are different than current active one (requested -> active):
  custom:framework-win-MediaFoundation: 216162199b28c13a410421893ffa2e32 -> 
  custom:video-decoder-ogg-theora: a1e56fd34408186e4bbccfd4996cb3dc -> 
  custom:container-muxer-webm: aa71ff27fc2769a1b78a27578f13a17b -> 
  custom:container-demuxer-webm: 4f35f7cbe854078d1ac9338744f61a02 -> 
  custom:container-demuxer-ogg: 62fdf1f143b41e24485cea50d1cbac27 -> 
  custom:video-encoder-webm-vp8: eb34c28f22e8b96e1ab97ce403110664 -> 
  custom:video-codec-MediaFoundation-h265: 746d11721c4dcdbdad8f713fa42b33f4 -> 
  custom:video-decoder-webm-vp8: 9c59270c3fd7afecdb556c50c9e8de78 -> 
  custom:audio-decoder-ogg-vorbis: bf7c407c2cedff20999df2af8eb42d56 -> 
  custom:audio-encoder-webm-vorbis: bf7c407c2cedff20999df2af8eb42d56 -> 
========================================================================
Received Import Request.
  Time since last request: 463.025525 seconds.
  path: Assets/XR/XRGeneralSettings.asset
  artifactKey: Guid(4022d37ceed4b6446915e2dcba743c7b) Importer(815301076,1909f56bfc062723c751e8b465ee728b)
Start importing Assets/XR/XRGeneralSettings.asset using Guid(4022d37ceed4b6446915e2dcba743c7b) Importer(815301076,1909f56bfc062723c751e8b465ee728b)  -> (artifact id: '78e3758038177d336434e39439595720') in 0.065761 seconds 
  Import took 0.072131 seconds .

========================================================================
Received Import Request.
  Time since last request: 3.847740 seconds.
  path: Assets/Scripts/ChessBoard.cs
  artifactKey: Guid(8e220ae53a393ff49a16b3ebf04a699e) Importer(815301076,1909f56bfc062723c751e8b465ee728b)
Start importing Assets/Scripts/ChessBoard.cs using Guid(8e220ae53a393ff49a16b3ebf04a699e) Importer(815301076,1909f56bfc062723c751e8b465ee728b)  -> (artifact id: '2a45896b3362ef90dc1daae770adc899') in 0.005321 seconds 
  Import took 0.008348 seconds .

========================================================================
Received Prepare
Registering precompiled user dll's ...
Registered in 0.004499 seconds.
Begin MonoManager ReloadAssembly
Native extension for WindowsStandalone target not found
Refreshing native plugins compatible for Editor in 0.86 ms, found 2 plugins.
Preloading 0 native plugins for Editor in 0.00 ms.
Mono: successfully reloaded assembly
- Completed reload, in  2.224 seconds
Domain Reload Profiling:
	ReloadAssembly (2225ms)
		BeginReloadAssembly (161ms)
			ExecutionOrderSort (0ms)
			DisableScriptedObjects (6ms)
			BackupInstance (0ms)
			ReleaseScriptingObjects (0ms)
			CreateAndSetChildDomain (44ms)
		EndReloadAssembly (1860ms)
			LoadAssemblies (177ms)
			RebuildTransferFunctionScriptingTraits (0ms)
			SetupTypeCache (404ms)
			ReleaseScriptCaches (1ms)
			RebuildScriptCaches (82ms)
			SetupLoadedEditorAssemblies (884ms)
				LogAssemblyErrors (0ms)
				InitializePlatformSupportModulesInManaged (12ms)
				SetLoadedEditorAssemblies (1ms)
				RefreshPlugins (1ms)
				BeforeProcessingInitializeOnLoad (136ms)
				ProcessInitializeOnLoadAttributes (701ms)
				ProcessInitializeOnLoadMethodAttributes (11ms)
				AfterProcessingInitializeOnLoad (20ms)
				EditorAssembliesLoaded (1ms)
			ExecutionOrderSort2 (0ms)
			AwakeInstancesAfterBackupRestoration (17ms)
Platform modules already initialized, skipping
Switching build target platform(19) subTarget(0) extendedPlatform(0) -> platform(13) subTarget(589824) extendedPlatform(0)
Refreshing native plugins compatible for Editor in 0.81 ms, found 2 plugins.
Preloading 0 native plugins for Editor in 0.00 ms.
Unloading 1491 Unused Serialized files (Serialized files now loaded: 0)
System memory in use before: 70.4 MB.
System memory in use after: 70.5 MB.

Unloading 15 unused Assets to reduce memory usage. Loaded Objects now: 1947.
Total: 6.226200 ms (FindLiveObjects: 0.229100 ms CreateObjectMapping: 0.077900 ms MarkObjects: 5.878800 ms  DeleteObjects: 0.038800 ms)

AssetImportParameters requested are different than current active one (requested -> active):
  custom:framework-win-MediaFoundation: 216162199b28c13a410421893ffa2e32 -> 
  custom:video-decoder-ogg-theora: a1e56fd34408186e4bbccfd4996cb3dc -> 
  custom:container-muxer-webm: aa71ff27fc2769a1b78a27578f13a17b -> 
  custom:container-demuxer-webm: 4f35f7cbe854078d1ac9338744f61a02 -> 
  custom:container-demuxer-ogg: 62fdf1f143b41e24485cea50d1cbac27 -> 
  custom:video-encoder-webm-vp8: eb34c28f22e8b96e1ab97ce403110664 -> 
  custom:video-codec-MediaFoundation-h265: 746d11721c4dcdbdad8f713fa42b33f4 -> 
  custom:video-decoder-webm-vp8: 9c59270c3fd7afecdb556c50c9e8de78 -> 
  custom:graphics/normal-map-encoding: 01000000000000000000000000000000 -> 02000000000000000000000000000000
  custom:audio-decoder-ogg-vorbis: bf7c407c2cedff20999df2af8eb42d56 -> 
  custom:audio-encoder-webm-vorbis: bf7c407c2cedff20999df2af8eb42d56 -> 
========================================================================
Received Import Request.
  Time since last request: 9.739342 seconds.
  path: Assets/Scripts/CameraPointer.cs
  artifactKey: Guid(65be07c4c5463ed45bf558183e339291) Importer(815301076,1909f56bfc062723c751e8b465ee728b)
Start importing Assets/Scripts/CameraPointer.cs using Guid(65be07c4c5463ed45bf558183e339291) Importer(815301076,1909f56bfc062723c751e8b465ee728b)  -> (artifact id: 'd7fc6b653e95c0321b98199867a44293') in 0.009865 seconds 
  Import took 0.014898 seconds .

========================================================================
Received Import Request.
  Time since last request: 0.500942 seconds.
  path: Assets/Scripts/CardboardStartup.cs
  artifactKey: Guid(1023f008220f598499e26d742a9f4eeb) Importer(815301076,1909f56bfc062723c751e8b465ee728b)
Start importing Assets/Scripts/CardboardStartup.cs using Guid(1023f008220f598499e26d742a9f4eeb) Importer(815301076,1909f56bfc062723c751e8b465ee728b)  -> (artifact id: '684e38b13f07d0dcb8bc1d777d1db5a7') in 0.006462 seconds 
  Import took 0.011646 seconds .

========================================================================
Received Import Request.
  Time since last request: 1.191435 seconds.
  path: Assets/Scripts/DoorScript.cs
  artifactKey: Guid(ca358aa095d7f3b45a1f7cd2e37dd40d) Importer(815301076,1909f56bfc062723c751e8b465ee728b)
Start importing Assets/Scripts/DoorScript.cs using Guid(ca358aa095d7f3b45a1f7cd2e37dd40d) Importer(815301076,1909f56bfc062723c751e8b465ee728b)  -> (artifact id: '6a0aff1c95b7769d68dd445e28fb8dc4') in 0.003247 seconds 
  Import took 0.006562 seconds .

========================================================================
Received Import Request.
  Time since last request: 0.000654 seconds.
  path: Assets/Scripts/DoorScript.cs
  artifactKey: Guid(ca358aa095d7f3b45a1f7cd2e37dd40d) Importer(815301076,1909f56bfc062723c751e8b465ee728b)
Start importing Assets/Scripts/DoorScript.cs using Guid(ca358aa095d7f3b45a1f7cd2e37dd40d) Importer(815301076,1909f56bfc062723c751e8b465ee728b)  -> (artifact id: '6a0aff1c95b7769d68dd445e28fb8dc4') in 0.004131 seconds 
  Import took 0.008344 seconds .

========================================================================
Received Import Request.
  Time since last request: 2.311283 seconds.
  path: Assets/Scripts/ItemScript.cs
  artifactKey: Guid(6f888b302e1ed704b8cdf28f33e632b9) Importer(815301076,1909f56bfc062723c751e8b465ee728b)
Start importing Assets/Scripts/ItemScript.cs using Guid(6f888b302e1ed704b8cdf28f33e632b9) Importer(815301076,1909f56bfc062723c751e8b465ee728b)  -> (artifact id: 'f0fc9d2ace6bc8a336d8dd01a73fa6c6') in 0.005348 seconds 
  Import took 0.010439 seconds .

========================================================================
Received Import Request.
  Time since last request: 0.000717 seconds.
  path: Assets/Scripts/ItemScript.cs
  artifactKey: Guid(6f888b302e1ed704b8cdf28f33e632b9) Importer(815301076,1909f56bfc062723c751e8b465ee728b)
Start importing Assets/Scripts/ItemScript.cs using Guid(6f888b302e1ed704b8cdf28f33e632b9) Importer(815301076,1909f56bfc062723c751e8b465ee728b)  -> (artifact id: 'f0fc9d2ace6bc8a336d8dd01a73fa6c6') in 0.006107 seconds 
  Import took 0.011119 seconds .

========================================================================
Received Import Request.
  Time since last request: 1.449327 seconds.
  path: Assets/Scripts/ProjectorScript.cs
  artifactKey: Guid(685645b99c325174fa60cff29e943d19) Importer(815301076,1909f56bfc062723c751e8b465ee728b)
Start importing Assets/Scripts/ProjectorScript.cs using Guid(685645b99c325174fa60cff29e943d19) Importer(815301076,1909f56bfc062723c751e8b465ee728b)  -> (artifact id: '108a6dd68ce6e86bb969544bf2696d62') in 0.006166 seconds 
  Import took 0.011155 seconds .

========================================================================
Received Import Request.
  Time since last request: 1.173834 seconds.
  path: Assets/Scripts/TargetManager.cs
  artifactKey: Guid(64084383bf33d6e478408c0acda9510d) Importer(815301076,1909f56bfc062723c751e8b465ee728b)
Start importing Assets/Scripts/TargetManager.cs using Guid(64084383bf33d6e478408c0acda9510d) Importer(815301076,1909f56bfc062723c751e8b465ee728b)  -> (artifact id: '9681ed4f5e8e68e9a74c08d32330df87') in 0.005186 seconds 
  Import took 0.010304 seconds .

========================================================================
Received Import Request.
  Time since last request: 1.293667 seconds.
  path: Assets/Scripts/Teleporter.cs
  artifactKey: Guid(c0395a9a76b2c2d42ac4f24bd5d1afc2) Importer(815301076,1909f56bfc062723c751e8b465ee728b)
Start importing Assets/Scripts/Teleporter.cs using Guid(c0395a9a76b2c2d42ac4f24bd5d1afc2) Importer(815301076,1909f56bfc062723c751e8b465ee728b)  -> (artifact id: '4924851e463a9e6d777093f67dfacebd') in 0.005270 seconds 
  Import took 0.010070 seconds .

========================================================================
Received Import Request.
  Time since last request: 28.704075 seconds.
  path: Assets/Materials/Ground.mat
  artifactKey: Guid(12ef1652f794e444cb6b2becf68c2a29) Importer(815301076,1909f56bfc062723c751e8b465ee728b)
Start importing Assets/Materials/Ground.mat using Guid(12ef1652f794e444cb6b2becf68c2a29) Importer(815301076,1909f56bfc062723c751e8b465ee728b)  -> (artifact id: 'eff9e814095ac008d74324690b4a20b9') in 0.592471 seconds 
  Import took 0.597597 seconds .

========================================================================
Received Import Request.
  Time since last request: 0.000490 seconds.
  path: Assets/Materials/Selected.mat
  artifactKey: Guid(b32e0d16fd47b0e409b8735543c07c3c) Importer(815301076,1909f56bfc062723c751e8b465ee728b)
Start importing Assets/Materials/Selected.mat using Guid(b32e0d16fd47b0e409b8735543c07c3c) Importer(815301076,1909f56bfc062723c751e8b465ee728b)  -> (artifact id: '85743b7c47c8c01df32e6649cd36dd1e') in 0.039745 seconds 
  Import took 0.042310 seconds .

========================================================================
Received Import Request.
  Time since last request: 0.000597 seconds.
  path: Assets/Materials/GroundNormal.png
  artifactKey: Guid(817ce7084a5e81e4fb9660a8bd0a8c5c) Importer(815301076,1909f56bfc062723c751e8b465ee728b)
Start importing Assets/Materials/GroundNormal.png using Guid(817ce7084a5e81e4fb9660a8bd0a8c5c) Importer(815301076,1909f56bfc062723c751e8b465ee728b)  -> (artifact id: '1ddd49b586a20f7400203eea12a69907') in 0.089275 seconds 
  Import took 0.093450 seconds .

========================================================================
Received Import Request.
  Time since last request: 7.418828 seconds.
  path: Assets/Materials/Target
  artifactKey: Guid(a72885460d3d4dd419b856569163137d) Importer(815301076,1909f56bfc062723c751e8b465ee728b)
Start importing Assets/Materials/Target using Guid(a72885460d3d4dd419b856569163137d) Importer(815301076,1909f56bfc062723c751e8b465ee728b)  -> (artifact id: '98a84021354f62ab71453e99734af78c') in 0.005428 seconds 
  Import took 0.010025 seconds .

========================================================================
Received Import Request.
  Time since last request: 0.042639 seconds.
  path: Assets/Materials/Target/Invalid.mat
  artifactKey: Guid(98e18a6849adc05498e0595d246520ed) Importer(815301076,1909f56bfc062723c751e8b465ee728b)
Start importing Assets/Materials/Target/Invalid.mat using Guid(98e18a6849adc05498e0595d246520ed) Importer(815301076,1909f56bfc062723c751e8b465ee728b)  -> (artifact id: '47b351217f490b0e8bc0120d736e9e99') in 0.016383 seconds 
  Import took 0.021019 seconds .

========================================================================
Received Import Request.
  Time since last request: 0.000508 seconds.
  path: Assets/Materials/Target/Valid.mat
  artifactKey: Guid(79df127897da82a488194ef926509407) Importer(815301076,1909f56bfc062723c751e8b465ee728b)
Start importing Assets/Materials/Target/Valid.mat using Guid(79df127897da82a488194ef926509407) Importer(815301076,1909f56bfc062723c751e8b465ee728b)  -> (artifact id: '789d18671001f0ac5c02b891b39552ee') in 0.020345 seconds 
  Import took 0.025149 seconds .

========================================================================
Received Import Request.
  Time since last request: 1.319953 seconds.
  path: Assets/Materials/Skybox/Skybox01.mat
  artifactKey: Guid(8314ffe855e0e45b0a2fdbbdfe2010ea) Importer(815301076,1909f56bfc062723c751e8b465ee728b)
Start importing Assets/Materials/Skybox/Skybox01.mat using Guid(8314ffe855e0e45b0a2fdbbdfe2010ea) Importer(815301076,1909f56bfc062723c751e8b465ee728b)  -> (artifact id: '4944e8586a63693bd7351b7988c7ba6a') in 0.841553 seconds 
  Import took 0.847304 seconds .

========================================================================
Received Import Request.
  Time since last request: 0.000515 seconds.
  path: Assets/Materials/Skybox/Skybox01_Down-Y.png
  artifactKey: Guid(44ba68aec4ce947e182003f5806313cd) Importer(815301076,1909f56bfc062723c751e8b465ee728b)
Start importing Assets/Materials/Skybox/Skybox01_Down-Y.png using Guid(44ba68aec4ce947e182003f5806313cd) Importer(815301076,1909f56bfc062723c751e8b465ee728b)  -> (artifact id: 'b06a43882ee71f6449a962f8dbef884d') in 0.061405 seconds 
  Import took 0.066174 seconds .

========================================================================
Received Import Request.
  Time since last request: 0.000492 seconds.
  path: Assets/Materials/Skybox/Skybox01_Up+Y.png
  artifactKey: Guid(d1f469760a1324aee8f2fa34ed718d6a) Importer(815301076,1909f56bfc062723c751e8b465ee728b)
Start importing Assets/Materials/Skybox/Skybox01_Up+Y.png using Guid(d1f469760a1324aee8f2fa34ed718d6a) Importer(815301076,1909f56bfc062723c751e8b465ee728b)  -> (artifact id: '1e531d749ce28519078533788646c7fe') in 0.083875 seconds 
  Import took 0.089309 seconds .

========================================================================
Received Import Request.
  Time since last request: 0.000518 seconds.
  path: Assets/Materials/Skybox/Skybox01_Back-Z.png
  artifactKey: Guid(c3a31c33995374cb6a46e7a0fa5113cb) Importer(815301076,1909f56bfc062723c751e8b465ee728b)
Start importing Assets/Materials/Skybox/Skybox01_Back-Z.png using Guid(c3a31c33995374cb6a46e7a0fa5113cb) Importer(815301076,1909f56bfc062723c751e8b465ee728b)  -> (artifact id: 'c73ce79670ccfbc1e661d0f52c582d0d') in 0.074863 seconds 
  Import took 0.080216 seconds .

========================================================================
Received Import Request.
  Time since last request: 0.000486 seconds.
  path: Assets/Materials/Skybox/skybox01_openGL.png
  artifactKey: Guid(fa1440a5aa864d643b7272a201cc8cf1) Importer(815301076,1909f56bfc062723c751e8b465ee728b)
Start importing Assets/Materials/Skybox/skybox01_openGL.png using Guid(fa1440a5aa864d643b7272a201cc8cf1) Importer(815301076,1909f56bfc062723c751e8b465ee728b)  -> (artifact id: '3f6596bf81ea630b86fda3a94def05c4') in 0.793704 seconds 
  Import took 0.798491 seconds .

========================================================================
Received Import Request.
  Time since last request: 0.000326 seconds.
  path: Assets/Materials/Skybox/Skybox01.mat
  artifactKey: Guid(8314ffe855e0e45b0a2fdbbdfe2010ea) Importer(815301076,1909f56bfc062723c751e8b465ee728b)
Start importing Assets/Materials/Skybox/Skybox01.mat using Guid(8314ffe855e0e45b0a2fdbbdfe2010ea) Importer(815301076,1909f56bfc062723c751e8b465ee728b)  -> (artifact id: '4944e8586a63693bd7351b7988c7ba6a') in 0.427557 seconds 
  Import took 0.432352 seconds .

========================================================================
Received Import Request.
  Time since last request: 0.000499 seconds.
  path: Assets/Materials/Skybox/Skybox01Mat.mat
  artifactKey: Guid(b6121f1ede3dbe848a9c9de2ef369c28) Importer(815301076,1909f56bfc062723c751e8b465ee728b)
Start importing Assets/Materials/Skybox/Skybox01Mat.mat using Guid(b6121f1ede3dbe848a9c9de2ef369c28) Importer(815301076,1909f56bfc062723c751e8b465ee728b)  -> (artifact id: '349411001c4bdc78db9f75d1f74f54e4') in 0.799953 seconds 
  Import took 0.804951 seconds .

========================================================================
Received Import Request.
  Time since last request: 0.000452 seconds.
  path: Assets/Materials/Skybox/Skybox01_Front+Z.png
  artifactKey: Guid(27a334ddd1e674f5f91d415e537d39f4) Importer(815301076,1909f56bfc062723c751e8b465ee728b)
Start importing Assets/Materials/Skybox/Skybox01_Front+Z.png using Guid(27a334ddd1e674f5f91d415e537d39f4) Importer(815301076,1909f56bfc062723c751e8b465ee728b)  -> (artifact id: 'd9c957a0c533c7aa6b106dc5749c8b53') in 0.091731 seconds 
  Import took 0.095637 seconds .

========================================================================
Received Import Request.
  Time since last request: 0.000424 seconds.
  path: Assets/Materials/Skybox/Skybox01_Left+X.png
  artifactKey: Guid(2d6e238331f1a403e881deb3adfc097a) Importer(815301076,1909f56bfc062723c751e8b465ee728b)
Start importing Assets/Materials/Skybox/Skybox01_Left+X.png using Guid(2d6e238331f1a403e881deb3adfc097a) Importer(815301076,1909f56bfc062723c751e8b465ee728b)  -> (artifact id: '1225358cb976aebf7101aad0f6d4c4c8') in 0.060671 seconds 
  Import took 0.065657 seconds .

========================================================================
Received Import Request.
  Time since last request: 0.000452 seconds.
  path: Assets/Materials/Skybox/Skybox01_Right-X.png
  artifactKey: Guid(1531db7620eb24dbfa45481c43b6dcc5) Importer(815301076,1909f56bfc062723c751e8b465ee728b)
Start importing Assets/Materials/Skybox/Skybox01_Right-X.png using Guid(1531db7620eb24dbfa45481c43b6dcc5) Importer(815301076,1909f56bfc062723c751e8b465ee728b)  -> (artifact id: 'f07d84677d53ff3c470b24befc74dbe8') in 0.072494 seconds 
  Import took 0.075932 seconds .

========================================================================
Received Import Request.
  Time since last request: 4.964368 seconds.
  path: Assets/Models/ChessSet
  artifactKey: Guid(7d95ad27d465cf5429c112884505b5df) Importer(815301076,1909f56bfc062723c751e8b465ee728b)
Start importing Assets/Models/ChessSet using Guid(7d95ad27d465cf5429c112884505b5df) Importer(815301076,1909f56bfc062723c751e8b465ee728b)  -> (artifact id: '43900eab94f19176fdeded10aa4f842c') in 0.006332 seconds 
  Import took 0.011647 seconds .

========================================================================
Received Import Request.
  Time since last request: 0.066785 seconds.
  path: Assets/Models/ChessSet/Chess.prefab
  artifactKey: Guid(054509b01eba36f4bb4feefc1357aba5) Importer(815301076,1909f56bfc062723c751e8b465ee728b)
Start importing Assets/Models/ChessSet/Chess.prefab using Guid(054509b01eba36f4bb4feefc1357aba5) Importer(815301076,1909f56bfc062723c751e8b465ee728b)  -> (artifact id: '5b6c07acd9407e2c3082a98c0f032917') in 0.437367 seconds 
  Import took 0.441891 seconds .

========================================================================
Received Import Request.
  Time since last request: 4.726379 seconds.
  path: Assets/Models/Sci-Fi Styled Modular Pack/Materials
  artifactKey: Guid(cdd317393a892a442866c01c1e103e34) Importer(815301076,1909f56bfc062723c751e8b465ee728b)
Start importing Assets/Models/Sci-Fi Styled Modular Pack/Materials using Guid(cdd317393a892a442866c01c1e103e34) Importer(815301076,1909f56bfc062723c751e8b465ee728b)  -> (artifact id: '4cd6ce8a7964da6d3abdaff3cad4f023') in 0.007673 seconds 
  Import took 0.012921 seconds .

========================================================================
Received Import Request.
  Time since last request: 0.048617 seconds.
  path: Assets/Models/Sci-Fi Styled Modular Pack/Materials/blue emission.mat
  artifactKey: Guid(5476ae29e2e50194abce19e5cacce575) Importer(815301076,1909f56bfc062723c751e8b465ee728b)
Start importing Assets/Models/Sci-Fi Styled Modular Pack/Materials/blue emission.mat using Guid(5476ae29e2e50194abce19e5cacce575) Importer(815301076,1909f56bfc062723c751e8b465ee728b)  -> (artifact id: '771a0bf50b0f23c18efcfde98b09b22c') in 0.088867 seconds 
  Import took 0.091687 seconds .

========================================================================
Received Import Request.
  Time since last request: 0.000343 seconds.
  path: Assets/Models/Sci-Fi Styled Modular Pack/Materials/nature_bush.mat
  artifactKey: Guid(4256c7f593c13f84bbd6e74b481a6ec4) Importer(815301076,1909f56bfc062723c751e8b465ee728b)
Start importing Assets/Models/Sci-Fi Styled Modular Pack/Materials/nature_bush.mat using Guid(4256c7f593c13f84bbd6e74b481a6ec4) Importer(815301076,1909f56bfc062723c751e8b465ee728b)  -> (artifact id: 'e3438bf0457bc8cd4501c7fa3140e0fa') in 0.157499 seconds 
  Import took 0.160481 seconds .

========================================================================
Received Import Request.
  Time since last request: 0.000613 seconds.
  path: Assets/Models/Sci-Fi Styled Modular Pack/Materials/nature_leaves.mat
  artifactKey: Guid(5d84bcb5cc458944085f3169d277536d) Importer(815301076,1909f56bfc062723c751e8b465ee728b)
Start importing Assets/Models/Sci-Fi Styled Modular Pack/Materials/nature_leaves.mat using Guid(5d84bcb5cc458944085f3169d277536d) Importer(815301076,1909f56bfc062723c751e8b465ee728b)  -> (artifact id: 'e8f80199a0796474f37ed55bdeb1b966') in 0.022624 seconds 
  Import took 0.026299 seconds .

========================================================================
Received Import Request.
  Time since last request: 0.000465 seconds.
  path: Assets/Models/Sci-Fi Styled Modular Pack/Materials/hologram_particle.mat
  artifactKey: Guid(d37e8378fe566f84a8b75b0083ec4838) Importer(815301076,1909f56bfc062723c751e8b465ee728b)
Start importing Assets/Models/Sci-Fi Styled Modular Pack/Materials/hologram_particle.mat using Guid(d37e8378fe566f84a8b75b0083ec4838) Importer(815301076,1909f56bfc062723c751e8b465ee728b)  -> (artifact id: '43da484934c1db736adf2fdadd947eb0') in 0.040878 seconds 
  Import took 0.044128 seconds .

========================================================================
Received Import Request.
  Time since last request: 0.000556 seconds.
  path: Assets/Models/Sci-Fi Styled Modular Pack/Materials/nature_ground.mat
  artifactKey: Guid(71c78677fdc08394da7fd716fb41a991) Importer(815301076,1909f56bfc062723c751e8b465ee728b)
Start importing Assets/Models/Sci-Fi Styled Modular Pack/Materials/nature_ground.mat using Guid(71c78677fdc08394da7fd716fb41a991) Importer(815301076,1909f56bfc062723c751e8b465ee728b)  -> (artifact id: '1bd6bcee64036b0c15fbdce1941b4621') in 0.011056 seconds 
  Import took 0.013658 seconds .

========================================================================
Received Import Request.
  Time since last request: 0.000272 seconds.
  path: Assets/Models/Sci-Fi Styled Modular Pack/Materials/projector_warning.mat
  artifactKey: Guid(51d587eafcd13384bafd060c5bc7cb82) Importer(815301076,1909f56bfc062723c751e8b465ee728b)
Start importing Assets/Models/Sci-Fi Styled Modular Pack/Materials/projector_warning.mat using Guid(51d587eafcd13384bafd060c5bc7cb82) Importer(815301076,1909f56bfc062723c751e8b465ee728b)  -> (artifact id: '5d5df44bca3816e76aedc9a5dccfd80a') in 0.149639 seconds 
  Import took 0.152873 seconds .

========================================================================
Received Import Request.
  Time since last request: 0.000495 seconds.
  path: Assets/Models/Sci-Fi Styled Modular Pack/Materials/white emision.mat
  artifactKey: Guid(6b6dfd77776c54a4781ec8cab4d87860) Importer(815301076,1909f56bfc062723c751e8b465ee728b)
Start importing Assets/Models/Sci-Fi Styled Modular Pack/Materials/white emision.mat using Guid(6b6dfd77776c54a4781ec8cab4d87860) Importer(815301076,1909f56bfc062723c751e8b465ee728b)  -> (artifact id: '12deab4916dd0d69ccd866ced5830c10') in 0.012611 seconds 
  Import took 0.016091 seconds .

========================================================================
Received Import Request.
  Time since last request: 0.000253 seconds.
  path: Assets/Models/Sci-Fi Styled Modular Pack/Materials/lattice.mat
  artifactKey: Guid(0f4853191d321d748b1f95a97d7b37f4) Importer(815301076,1909f56bfc062723c751e8b465ee728b)
Start importing Assets/Models/Sci-Fi Styled Modular Pack/Materials/lattice.mat using Guid(0f4853191d321d748b1f95a97d7b37f4) Importer(815301076,1909f56bfc062723c751e8b465ee728b)  -> (artifact id: '1f93ad101128437b82751591f0256166') in 0.226655 seconds 
  Import took 0.230183 seconds .

========================================================================
Received Import Request.
  Time since last request: 0.000556 seconds.
  path: Assets/Models/Sci-Fi Styled Modular Pack/Materials/screen.mat
  artifactKey: Guid(bf1464b84bb76b44abb088d5a41acfee) Importer(815301076,1909f56bfc062723c751e8b465ee728b)
Start importing Assets/Models/Sci-Fi Styled Modular Pack/Materials/screen.mat using Guid(bf1464b84bb76b44abb088d5a41acfee) Importer(815301076,1909f56bfc062723c751e8b465ee728b)  -> (artifact id: 'a89d0c17ebc2ee6b013077347674a928') in 0.016538 seconds 
  Import took 0.020421 seconds .

========================================================================
Received Import Request.
  Time since last request: 0.000368 seconds.
  path: Assets/Models/Sci-Fi Styled Modular Pack/Materials/hologram.mat
  artifactKey: Guid(e305453a48fa58446882f6671dfa0d58) Importer(815301076,1909f56bfc062723c751e8b465ee728b)
Start importing Assets/Models/Sci-Fi Styled Modular Pack/Materials/hologram.mat using Guid(e305453a48fa58446882f6671dfa0d58) Importer(815301076,1909f56bfc062723c751e8b465ee728b)  -> (artifact id: '40595719d579fe00f9e711ec3ecaabce') in 0.203266 seconds 
  Import took 0.206709 seconds .

========================================================================
Received Import Request.
  Time since last request: 0.000557 seconds.
  path: Assets/Models/Sci-Fi Styled Modular Pack/Materials/nature_root.mat
  artifactKey: Guid(00fc27719fc29924b9a34aab914dc83a) Importer(815301076,1909f56bfc062723c751e8b465ee728b)
Start importing Assets/Models/Sci-Fi Styled Modular Pack/Materials/nature_root.mat using Guid(00fc27719fc29924b9a34aab914dc83a) Importer(815301076,1909f56bfc062723c751e8b465ee728b)  -> (artifact id: '02070ce27a3288097b5de7fe135e5f48') in 0.015269 seconds 
  Import took 0.018421 seconds .

========================================================================
Received Import Request.
  Time since last request: 0.000376 seconds.
  path: Assets/Models/Sci-Fi Styled Modular Pack/Materials/glass.mat
  artifactKey: Guid(2ce01831e9f3ae441bb48623e5fbe0c0) Importer(815301076,1909f56bfc062723c751e8b465ee728b)
Start importing Assets/Models/Sci-Fi Styled Modular Pack/Materials/glass.mat using Guid(2ce01831e9f3ae441bb48623e5fbe0c0) Importer(815301076,1909f56bfc062723c751e8b465ee728b)  -> (artifact id: 'bd63c735fecf1d9781cd732f9642c1b6') in 0.066006 seconds 
  Import took 0.069117 seconds .

========================================================================
Received Import Request.
  Time since last request: 0.000324 seconds.
  path: Assets/Models/Sci-Fi Styled Modular Pack/Materials/comuter_wall.mat
  artifactKey: Guid(0d0f1f087865a1c47826008280428fdf) Importer(815301076,1909f56bfc062723c751e8b465ee728b)
Start importing Assets/Models/Sci-Fi Styled Modular Pack/Materials/comuter_wall.mat using Guid(0d0f1f087865a1c47826008280428fdf) Importer(815301076,1909f56bfc062723c751e8b465ee728b)  -> (artifact id: 'db4e3b83844fe49241e1846d3a45a2cd') in 0.029823 seconds 
  Import took 0.033412 seconds .

========================================================================
Received Prepare
Refreshing native plugins compatible for Editor in 4.05 ms, found 2 plugins.
Preloading 0 native plugins for Editor in 0.00 ms.
Unloading 11 Unused Serialized files (Serialized files now loaded: 0)
System memory in use before: 45.6 MB.
System memory in use after: 45.7 MB.

Unloading 11 unused Assets to reduce memory usage. Loaded Objects now: 1994.
Total: 4.939800 ms (FindLiveObjects: 0.314800 ms CreateObjectMapping: 0.115100 ms MarkObjects: 4.490500 ms  DeleteObjects: 0.017700 ms)

AssetImportParameters requested are different than current active one (requested -> active):
  custom:framework-win-MediaFoundation: 216162199b28c13a410421893ffa2e32 -> 
  custom:video-decoder-ogg-theora: a1e56fd34408186e4bbccfd4996cb3dc -> 
  custom:container-muxer-webm: aa71ff27fc2769a1b78a27578f13a17b -> 
  custom:container-demuxer-webm: 4f35f7cbe854078d1ac9338744f61a02 -> 
  custom:container-demuxer-ogg: 62fdf1f143b41e24485cea50d1cbac27 -> 
  custom:video-encoder-webm-vp8: eb34c28f22e8b96e1ab97ce403110664 -> 
  custom:video-codec-MediaFoundation-h265: 746d11721c4dcdbdad8f713fa42b33f4 -> 
  custom:video-decoder-webm-vp8: 9c59270c3fd7afecdb556c50c9e8de78 -> 
  custom:audio-decoder-ogg-vorbis: bf7c407c2cedff20999df2af8eb42d56 -> 
  custom:audio-encoder-webm-vorbis: bf7c407c2cedff20999df2af8eb42d56 -> 
AssetImportWorkerClient::OnTransportError - code=2 error=End of file
